# JRE version: Java(TM) SE Runtime Environment (8.0_241-b07) (build 1.8.0_241-b07)
# Java VM: Java HotSpot(TM) 64-Bit Server VM (25.241-b07 mixed mode windows-amd64 compressed oops)
Heap:
 PSYoungGen      total 75776K, used 3465K [0x000000076b580000, 0x0000000770a00000, 0x00000007c0000000)
  eden space 65024K, 5% used [0x000000076b580000,0x000000076b8e24c8,0x000000076f500000)
  from space 10752K, 0% used [0x000000076ff80000,0x000000076ff80000,0x0000000770a00000)
  to   space 10752K, 0% used [0x000000076f500000,0x000000076f500000,0x000000076ff80000)
 ParOldGen       total 76288K, used 8026K [0x00000006c2000000, 0x00000006c6a80000, 0x000000076b580000)
  object space 76288K, 10% used [0x00000006c2000000,0x00000006c27d6a08,0x00000006c6a80000)
 Metaspace       used 21890K, capacity 22400K, committed 22656K, reserved 1069056K
  class space    used 2759K, capacity 2919K, committed 2944K, reserved 1048576K
GC Heap History (6 events):
Event: 2.892 GC heap before
{Heap before GC invocations=1 (full 0):
 PSYoungGen      total 75776K, used 65024K [0x000000076b580000, 0x0000000770a00000, 0x00000007c0000000)
  eden space 65024K, 100% used [0x000000076b580000,0x000000076f500000,0x000000076f500000)
  from space 10752K, 0% used [0x000000076ff80000,0x000000076ff80000,0x0000000770a00000)
  to   space 10752K, 0% used [0x000000076f500000,0x000000076f500000,0x000000076ff80000)
 ParOldGen       total 173568K, used 0K [0x00000006c2000000, 0x00000006cc980000, 0x000000076b580000)
  object space 173568K, 0% used [0x00000006c2000000,0x00000006c2000000,0x00000006cc980000)
 Metaspace       used 18546K, capacity 19072K, committed 19200K, reserved 1067008K
  class space    used 2320K, capacity 2471K, committed 2560K, reserved 1048576K
Event: 2.897 GC heap after
Heap after GC invocations=1 (full 0):
 PSYoungGen      total 75776K, used 10728K [0x000000076b580000, 0x0000000770a00000, 0x00000007c0000000)
  eden space 65024K, 0% used [0x000000076b580000,0x000000076b580000,0x000000076f500000)
  from space 10752K, 99% used [0x000000076f500000,0x000000076ff7a3a0,0x000000076ff80000)
  to   space 10752K, 0% used [0x000000076ff80000,0x000000076ff80000,0x0000000770a00000)
 ParOldGen       total 173568K, used 2500K [0x00000006c2000000, 0x00000006cc980000, 0x000000076b580000)
  object space 173568K, 1% used [0x00000006c2000000,0x00000006c2271330,0x00000006cc980000)
 Metaspace       used 18546K, capacity 19072K, committed 19200K, reserved 1067008K
  class space    used 2320K, capacity 2471K, committed 2560K, reserved 1048576K
}
Event: 9.672 GC heap before
{Heap before GC invocations=2 (full 0):
 PSYoungGen      total 75776K, used 15759K [0x000000076b580000, 0x0000000770a00000, 0x00000007c0000000)
  eden space 65024K, 7% used [0x000000076b580000,0x000000076ba69a20,0x000000076f500000)
  from space 10752K, 99% used [0x000000076f500000,0x000000076ff7a3a0,0x000000076ff80000)
  to   space 10752K, 0% used [0x000000076ff80000,0x000000076ff80000,0x0000000770a00000)
 ParOldGen       total 173568K, used 2500K [0x00000006c2000000, 0x00000006cc980000, 0x000000076b580000)
  object space 173568K, 1% used [0x00000006c2000000,0x00000006c2271330,0x00000006cc980000)
 Metaspace       used 20689K, capacity 21152K, committed 21248K, reserved 1067008K
  class space    used 2628K, capacity 2759K, committed 2816K, reserved 1048576K
Event: 9.675 GC heap after
Heap after GC invocations=2 (full 0):
 PSYoungGen      total 75776K, used 9550K [0x000000076b580000, 0x0000000770a00000, 0x00000007c0000000)
  eden space 65024K, 0% used [0x000000076b580000,0x000000076b580000,0x000000076f500000)
  from space 10752K, 88% used [0x000000076ff80000,0x00000007708d38d8,0x0000000770a00000)
  to   space 10752K, 0% used [0x000000076f500000,0x000000076f500000,0x000000076ff80000)
 ParOldGen       total 173568K, used 2508K [0x00000006c2000000, 0x00000006cc980000, 0x000000076b580000)
  object space 173568K, 1% used [0x00000006c2000000,0x00000006c2273330,0x00000006cc980000)
 Metaspace       used 20689K, capacity 21152K, committed 21248K, reserved 1067008K
  class space    used 2628K, capacity 2759K, committed 2816K, reserved 1048576K
}
Event: 9.675 GC heap before
{Heap before GC invocations=3 (full 1):
 PSYoungGen      total 75776K, used 9550K [0x000000076b580000, 0x0000000770a00000, 0x00000007c0000000)
  eden space 65024K, 0% used [0x000000076b580000,0x000000076b580000,0x000000076f500000)
  from space 10752K, 88% used [0x000000076ff80000,0x00000007708d38d8,0x0000000770a00000)
  to   space 10752K, 0% used [0x000000076f500000,0x000000076f500000,0x000000076ff80000)
 ParOldGen       total 173568K, used 2508K [0x00000006c2000000, 0x00000006cc980000, 0x000000076b580000)
  object space 173568K, 1% used [0x00000006c2000000,0x00000006c2273330,0x00000006cc980000)
 Metaspace       used 20689K, capacity 21152K, committed 21248K, reserved 1067008K
  class space    used 2628K, capacity 2759K, committed 2816K, reserved 1048576K
Event: 9.694 GC heap after
Heap after GC invocations=3 (full 1):
 PSYoungGen      total 75776K, used 0K [0x000000076b580000, 0x0000000770a00000, 0x00000007c0000000)
  eden space 65024K, 0% used [0x000000076b580000,0x000000076b580000,0x000000076f500000)
  from space 10752K, 0% used [0x000000076ff80000,0x000000076ff80000,0x0000000770a00000)
  to   space 10752K, 0% used [0x000000076f500000,0x000000076f500000,0x000000076ff80000)
 ParOldGen       total 76288K, used 8026K [0x00000006c2000000, 0x00000006c6a80000, 0x000000076b580000)
  object space 76288K, 10% used [0x00000006c2000000,0x00000006c27d6a08,0x00000006c6a80000)
 Metaspace       used 20689K, capacity 21152K, committed 21248K, reserved 1067008K
  class space    used 2628K, capacity 2759K, committed 2816K, reserved 1048576K
}

