# JRE version: Java(TM) SE Runtime Environment (8.0_241-b07) (build 1.8.0_241-b07)
# Java VM: Java HotSpot(TM) 64-Bit Server VM (25.241-b07 mixed mode windows-amd64 compressed oops)
Heap:
 PSYoungGen      total 75776K, used 7173K [0x000000076b580000, 0x0000000770a00000, 0x00000007c0000000)
  eden space 65024K, 11% used [0x000000076b580000,0x000000076bc81750,0x000000076f500000)
  from space 10752K, 0% used [0x000000076ff80000,0x000000076ff80000,0x0000000770a00000)
  to   space 10752K, 0% used [0x000000076f500000,0x000000076f500000,0x000000076ff80000)
 ParOldGen       total 77312K, used 9110K [0x00000006c2000000, 0x00000006c6b80000, 0x000000076b580000)
  object space 77312K, 11% used [0x00000006c2000000,0x00000006c28e5868,0x00000006c6b80000)
 Metaspace       used 21154K, capacity 21780K, committed 22016K, reserved 1069056K
  class space    used 2621K, capacity 2805K, committed 2816K, reserved 1048576K
GC Heap History (6 events):
Event: 3.260 GC heap before
{Heap before GC invocations=1 (full 0):
 PSYoungGen      total 75776K, used 65024K [0x000000076b580000, 0x0000000770a00000, 0x00000007c0000000)
  eden space 65024K, 100% used [0x000000076b580000,0x000000076f500000,0x000000076f500000)
  from space 10752K, 0% used [0x000000076ff80000,0x000000076ff80000,0x0000000770a00000)
  to   space 10752K, 0% used [0x000000076f500000,0x000000076f500000,0x000000076ff80000)
 ParOldGen       total 173568K, used 0K [0x00000006c2000000, 0x00000006cc980000, 0x000000076b580000)
  object space 173568K, 0% used [0x00000006c2000000,0x00000006c2000000,0x00000006cc980000)
 Metaspace       used 18144K, capacity 18684K, committed 18816K, reserved 1064960K
  class space    used 2254K, capacity 2407K, committed 2432K, reserved 1048576K
Event: 3.266 GC heap after
Heap after GC invocations=1 (full 0):
 PSYoungGen      total 75776K, used 10726K [0x000000076b580000, 0x0000000770a00000, 0x00000007c0000000)
  eden space 65024K, 0% used [0x000000076b580000,0x000000076b580000,0x000000076f500000)
  from space 10752K, 99% used [0x000000076f500000,0x000000076ff79b30,0x000000076ff80000)
  to   space 10752K, 0% used [0x000000076ff80000,0x000000076ff80000,0x0000000770a00000)
 ParOldGen       total 173568K, used 2379K [0x00000006c2000000, 0x00000006cc980000, 0x000000076b580000)
  object space 173568K, 1% used [0x00000006c2000000,0x00000006c2252c08,0x00000006cc980000)
 Metaspace       used 18144K, capacity 18684K, committed 18816K, reserved 1064960K
  class space    used 2254K, capacity 2407K, committed 2432K, reserved 1048576K
}
Event: 7.823 GC heap before
{Heap before GC invocations=2 (full 0):
 PSYoungGen      total 75776K, used 26929K [0x000000076b580000, 0x0000000770a00000, 0x00000007c0000000)
  eden space 65024K, 24% used [0x000000076b580000,0x000000076c552b78,0x000000076f500000)
  from space 10752K, 99% used [0x000000076f500000,0x000000076ff79b30,0x000000076ff80000)
  to   space 10752K, 0% used [0x000000076ff80000,0x000000076ff80000,0x0000000770a00000)
 ParOldGen       total 173568K, used 2379K [0x00000006c2000000, 0x00000006cc980000, 0x000000076b580000)
  object space 173568K, 1% used [0x00000006c2000000,0x00000006c2252c08,0x00000006cc980000)
 Metaspace       used 20601K, capacity 21136K, committed 21248K, reserved 1067008K
  class space    used 2569K, capacity 2741K, committed 2816K, reserved 1048576K
Event: 7.828 GC heap after
Heap after GC invocations=2 (full 0):
 PSYoungGen      total 75776K, used 10730K [0x000000076b580000, 0x0000000770a00000, 0x00000007c0000000)
  eden space 65024K, 0% used [0x000000076b580000,0x000000076b580000,0x000000076f500000)
  from space 10752K, 99% used [0x000000076ff80000,0x00000007709fa940,0x0000000770a00000)
  to   space 10752K, 0% used [0x000000076f500000,0x000000076f500000,0x000000076ff80000)
 ParOldGen       total 173568K, used 2907K [0x00000006c2000000, 0x00000006cc980000, 0x000000076b580000)
  object space 173568K, 1% used [0x00000006c2000000,0x00000006c22d6c68,0x00000006cc980000)
 Metaspace       used 20601K, capacity 21136K, committed 21248K, reserved 1067008K
  class space    used 2569K, capacity 2741K, committed 2816K, reserved 1048576K
}
Event: 7.828 GC heap before
{Heap before GC invocations=3 (full 1):
 PSYoungGen      total 75776K, used 10730K [0x000000076b580000, 0x0000000770a00000, 0x00000007c0000000)
  eden space 65024K, 0% used [0x000000076b580000,0x000000076b580000,0x000000076f500000)
  from space 10752K, 99% used [0x000000076ff80000,0x00000007709fa940,0x0000000770a00000)
  to   space 10752K, 0% used [0x000000076f500000,0x000000076f500000,0x000000076ff80000)
 ParOldGen       total 173568K, used 2907K [0x00000006c2000000, 0x00000006cc980000, 0x000000076b580000)
  object space 173568K, 1% used [0x00000006c2000000,0x00000006c22d6c68,0x00000006cc980000)
 Metaspace       used 20601K, capacity 21136K, committed 21248K, reserved 1067008K
  class space    used 2569K, capacity 2741K, committed 2816K, reserved 1048576K
Event: 7.848 GC heap after
Heap after GC invocations=3 (full 1):
 PSYoungGen      total 75776K, used 0K [0x000000076b580000, 0x0000000770a00000, 0x00000007c0000000)
  eden space 65024K, 0% used [0x000000076b580000,0x000000076b580000,0x000000076f500000)
  from space 10752K, 0% used [0x000000076ff80000,0x000000076ff80000,0x0000000770a00000)
  to   space 10752K, 0% used [0x000000076f500000,0x000000076f500000,0x000000076ff80000)
 ParOldGen       total 77312K, used 9110K [0x00000006c2000000, 0x00000006c6b80000, 0x000000076b580000)
  object space 77312K, 11% used [0x00000006c2000000,0x00000006c28e5868,0x00000006c6b80000)
 Metaspace       used 20601K, capacity 21136K, committed 21248K, reserved 1067008K
  class space    used 2569K, capacity 2741K, committed 2816K, reserved 1048576K
}

